<?xml version="1.0" encoding="UTF-8"?>
<!-- Generated by org.testng.reporters.JUnitXMLReporter -->
<testsuite ignored="0" hostname="Prishu" failures="1" tests="1" name="Test" time="13.413" errors="0" timestamp="2025-02-22T13:46:32 IST">
  <testcase classname="testCases.TC002_LoginTest" name="verify_login" time="11.109">
    <failure type="java.lang.AssertionError" message="login failed... expected [true] but found [false]">
      <![CDATA[java.lang.AssertionError: login failed... expected [true] but found [false]
at testCases.TC002_LoginTest.verify_login(TC002_LoginTest.java:31)
at java.base/java.util.ArrayList.forEach(ArrayList.java:1597)
... Removed 31 stack frames]]>
    </failure>
  </testcase> <!-- verify_login -->
</testsuite> <!-- Test -->
